2022-01-20 15:05:29.362 - INFO - 21048 - azureml.train.automl.run._log_activity:55 - ActivityStarted: GetOutput
2022-01-20 15:05:29.382 - INFO - 21048 - azureml.train.automl.run._log_activity:55 - ActivityStarted: GetOutput
2022-01-20 15:05:29.402 - INFO - 21048 - azureml.train.automl.run._log_activity:55 - ActivityStarted: GetChildren
2022-01-20 15:05:29.589 - INFO - 21048 - azureml.train.automl.run._log_activity:93 - ActivityCompleted: Activity=GetChildren, HowEnded=Success, Duration=186.42[ms]
2022-01-20 15:05:29.640 - INFO - 21048 - azureml.train.automl.run._log_activity:93 - ActivityCompleted: Activity=GetOutput, HowEnded=Success, Duration=258.31[ms]
2022-01-20 15:05:29.641 - INFO - 21048 - azureml.train.automl._model_download_utilities._log_activity:55 - ActivityStarted: DownloadModel
2022-01-20 15:05:30.770 - INFO - 21048 - azureml.automl.runtime.featurization.data_transformer.__init__:189 - Feature sweeping enabled: False
2022-01-20 15:05:30.770 - INFO - 21048 - azureml.automl.runtime.featurization.data_transformer.__init__:190 - Feature sweeping timeout: 86400
2022-01-20 15:05:30.787 - INFO - 21048 - azureml.train.automl._model_download_utilities._log_activity:93 - ActivityCompleted: Activity=DownloadModel, HowEnded=Success, Duration=1146.25[ms]
2022-01-20 15:05:30.788 - INFO - 21048 - azureml.train.automl.run._log_activity:93 - ActivityCompleted: Activity=GetOutput, HowEnded=Success, Duration=1425.7[ms]
2022-01-20 15:12:49.429 - INFO - 21048 - azureml.train.automl.run._log_activity:55 - ActivityStarted: GetOutput
2022-01-20 15:12:49.453 - INFO - 21048 - azureml.train.automl.run._log_activity:55 - ActivityStarted: GetOutput
2022-01-20 15:12:49.473 - INFO - 21048 - azureml.train.automl.run._log_activity:55 - ActivityStarted: GetChildren
2022-01-20 15:12:49.653 - INFO - 21048 - azureml.train.automl.run._log_activity:93 - ActivityCompleted: Activity=GetChildren, HowEnded=Success, Duration=180.44[ms]
2022-01-20 15:12:49.707 - INFO - 21048 - azureml.train.automl.run._log_activity:93 - ActivityCompleted: Activity=GetOutput, HowEnded=Success, Duration=254.69[ms]
2022-01-20 15:12:49.708 - INFO - 21048 - azureml.train.automl._model_download_utilities._log_activity:55 - ActivityStarted: DownloadModel
2022-01-20 15:12:50.738 - INFO - 21048 - azureml.automl.runtime.featurization.data_transformer.__init__:189 - Feature sweeping enabled: False
2022-01-20 15:12:50.739 - INFO - 21048 - azureml.automl.runtime.featurization.data_transformer.__init__:190 - Feature sweeping timeout: 86400
2022-01-20 15:12:50.764 - INFO - 21048 - azureml.train.automl._model_download_utilities._log_activity:93 - ActivityCompleted: Activity=DownloadModel, HowEnded=Success, Duration=1055.71[ms]
2022-01-20 15:12:50.764 - INFO - 21048 - azureml.train.automl.run._log_activity:93 - ActivityCompleted: Activity=GetOutput, HowEnded=Success, Duration=1334.85[ms]
